
                 *********************************************
                 *                                           *
                 *             A I M - S p i c e             *
                 *                                           *
                 *         Professional Version 2019.100           *
                 *                                           *
                 *********************************************

	Date: Thu Oct  3 09:14:36 2019
	Circuit File: C:\Users\Mariu\Dropbox\NTNU\Høst 2019\Design of integrated circuits\Digital-Camera\PixelCircuit.cir
	Analysis: DC Operating Point

**************************  Circuit Description  **************************

     1:  Digital Camera - Analog Pixel Circuit 
     2:  
     3:  *include p18_cmos_models.inc
     4:  .param proc_delta = 0.95
     5:  .param vt_shift = 0.1
     6:  *include p18_model_card.inc
     7:  * p18 model card
     8:  .MODEL NMOS NMOS  								
     9:  + VERSION	=	3.1						
    10:  + LEVEL	=	49	NOIMOD	=	1	TNOM	=	2.70E+01
    11:  + TOX	=	'4.1E-9/proc_delta'	XJ	=	1.00E-07	NCH	=	2.33E+17
    12:  + VTH0	=	'0.36+vt_shift'	K1	=	5.84E-01	K2	=	4.14E-03
    13:  + K3	=	1.01E-03	K3B	=	2.20E+00	W0	=	1.00E-07
    14:  + NLX	=	1.81E-07	DVT0W	=	0.00E+00	DVT1W	=	0.00E+00
    15:  + DVT2W	=	0.00E+00	DVT0	=	1.73E+00	DVT1	=	4.38E-01
    16:  + DVT2	=	-3.70E-04	U0	=	'260*proc_delta*proc_delta'	UA	=	-1.38E-09
    17:  + UB	=	2.26E-18	UC	=	5.46E-11	VSAT	=	1.03E+05
    18:  + A0	=	1.92E+00	AGS	=	4.20E-01	B0	=	-1.52E-09
    19:  + B1	=	-9.92E-08	KETA	=	-7.16E-03	A1	=	6.61E-04
    20:  + A2	=	8.89E-01	RDSW	=	1.12E+02	PRWG	=	4.92E-01
    21:  + PRWB	=	-2.02E-01	WR	=	1.00E+00	WINT	=	7.12E-09
    22:  + LINT	=	1.12E-08	XL	=	-2.00E-08	XW	=	-1.00E-08
    23:  + DWG	=	-3.82E-09	DWB	=	8.63E-09	VOFF	=	-8.82E-02
    24:  + NFACTOR	=	2.30E+00	CIT	=	0.00E+00	CDSC	=	2.40E-04
    25:  + CDSCD	=	0.00E+00	CDSCB	=	0.00E+00	ETA0	=	3.13E-03
    26:  + ETAB	=	1.00E+00	DSUB	=	2.25E-02	PCLM	=	7.20E-01
    27:  + PDIBLC1	=	2.15E-01	PDIBLC2	=	2.23E-03	PDIBLCB	=	1.00E-01
    28:  + DROUT	=	8.01E-01	PSCBE1	=	5.44E+08	PSCBE2	=	1.00E-03
    29:  + PVAG	=	1.00E-12	DELTA	=	1.00E-02	RSH	=	6.78E+00
    30:  + MOBMOD	=	1.00E+00	PRT	=	0.00E+00	UTE	=	-1.50E+00
    31:  + KT1	=	-1.10E-01	KT1L	=	0.00E+00	KT2	=	2.19E-02
    32:  + UA1	=	4.28E-09	UB1	=	-7.62E-18	UC1	=	-5.57E-11
    33:  + AT	=	3.30E+04	WL	=	0.00E+00	WLN	=	1.00E+00
    34:  + WW	=	0.00E+00	WWN	=	1.00E+00	WWL	=	0.00E+00
    35:  + LL	=	0.00E+00	LLN	=	1.00E+00	LW	=	0.00E+00
    36:  + LWN	=	1.00E+00	LWL	=	0.00E+00	CAPMOD	=	2.00E+00
    37:  + XPART	=	5.00E-01	CGDO	=	6.98E-10	CGSO	=	7.03E-10
    38:  + CGBO	=	1.00E-12	CJ	=	'9.8e-4/proc_delta'	PB	=	7.34E-01
    39:  + MJ	=	3.63E-01	CJSW	=	'2.4e-10/proc_delta'	PBSW	=	4.71E-01
    40:  + MJSW	=	1.00E-01	CJSWG	=	3.29E-10	PBSWG	=	4.66E-01
    41:  + MJSWG	=	1.00E-01	CF	=	0.00E+00	PVTH0	=	-7.16E-04
    42:  + PRDSW	=	-6.66E-01	PK2	=	5.92E-04	WKETA	=	2.14E-04
    43:  + LKETA	=	-1.51E-02	PU0	=	3.36E+00	PUA	=	-1.31E-11
    44:  + PUB	=	0.00E+00	PVSAT	=	1.25E+03	PETA0	=	1.00E-04
    45:  + PKETA	=	6.45E-04	KF	=	4.46E-29			
    46:  								
    47:  .MODEL PMOS PMOS  								
    48:  + VERSION	=	3.1						
    49:  + LEVEL	=	49	NOIMOD	=	1			
    50:  + TNOM	=	2.70E+01	TOX	=	'4.1E-9/proc_delta'	XJ	=	1.00E-07
    51:  + NCH	=	4.12E+17	VTH0	=	'-0.39-vt_shift'	K1	=	5.50E-01
    52:  + K2	=	3.50E-02	K3	=	0.00E+00	K3B	=	1.20E+01
    53:  + W0	=	1.00E-06	NLX	=	1.25E-07	DVT0W	=	0.00E+00
    54:  + DVT1W	=	0.00E+00	DVT2W	=	0.00E+00	DVT0	=	5.53E-01
    55:  + DVT1	=	2.46E-01	DVT2	=	1.00E-01	U0	=	'110*proc_delta*proc_delta'
    56:  + UA	=	1.44E-09	UB	=	2.29E-21	UC	=	-1.00E-10
    57:  + VSAT	=	1.95E+05	A0	=	1.72E+00	AGS	=	3.80E-01
    58:  + B0	=	5.87E-07	B1	=	1.44E-06	KETA	=	2.21E-02
    59:  + A1	=	4.66E-01	A2	=	3.00E-01	RDSW	=	3.11E+02
    60:  + PRWG	=	5.00E-01	PRWB	=	1.64E-02	WR	=	1.00E+00
    61:  + WINT	=	0.00E+00	LINT	=	2.00E-08	XL	=	-2.00E-08
    62:  + XW	=	-1.00E-08	DWG	=	-3.49E-08	DWB	=	1.22E-09
    63:  + VOFF	=	-9.80E-02	NFACTOR	=	2.00E+00	CIT	=	0.00E+00
    64:  + CDSC	=	2.40E-04	CDSCD	=	0.00E+00	CDSCB	=	0.00E+00
    65:  + ETA0	=	1.12E-03	ETAB	=	-4.79E-04	DSUB	=	1.60E-03
    66:  + PCLM	=	1.50E+00	PDIBLC1	=	3.00E-02	PDIBLC2	=	-1.01E-05
    67:  + PDIBLCB	=	1.00E-01	DROUT	=	1.56E-03	PSCBE1	=	4.91E+09
    68:  + PSCBE2	=	1.64E-09	PVAG	=	3.48E+00	DELTA	=	1.00E-02
    69:  + RSH	=	7.69E+00	MOBMOD	=	1.00E+00	PRT	=	0.00E+00
    70:  + UTE	=	-1.49E+00	KT1	=	-1.09E-01	KT1L	=	0.00E+00
    71:  + KT2	=	2.18E-02	UA1	=	4.27E-09	UB1	=	-7.68E-18
    72:  + UC1	=	-5.57E-11	AT	=	3.31E+04	WL	=	0.00E+00
    73:  + WLN	=	1.00E+00	WW	=	0.00E+00	WWN	=	1.00E+00
    74:  + WWL	=	0.00E+00	LL	=	0.00E+00	LLN	=	1.00E+00
    75:  + LW	=	0.00E+00	LWN	=	1.00E+00	LWL	=	0.00E+00
    76:  + CAPMOD	=	2.00E+00	XPART	=	5.00E-01	CGDO	=	6.88E-10
    77:  + CGSO	=	6.85E-10	CGBO	=	1.00E-12	CJ	=	'1.2e-3/proc_delta'
    78:  + PB	=	8.70E-01	MJ	=	4.20E-01	CJSW	=	'2.4e-10/proc_delta'
    79:  + PBSW	=	8.00E-01	MJSW	=	3.57E-01	CJSWG	=	4.24E-10
    80:  + PBSWG	=	8.00E-01	MJSWG	=	3.56E-01	CF	=	0.00E+00
    81:  + PVTH0	=	3.53E-03	PRDSW	=	1.02E+01	PK2	=	3.35E-03
    82:  + WKETA	=	3.52E-02	LKETA	=	-2.06E-03	PU0	=	-2.19E+00
    83:  + PUA	=	-7.63E-11	PUB	=	9.91E-22	PVSAT	=	5.00E+01
    84:  + PKETA	=	-6.41E-03	KF	=	1.29E-29	PETA0	=	7.31E-05
    85:  
    86:  *end of: p18_model_card.inc
    87:  *end of: p18_cmos_models.inc
    88:  *include p18_model_card.inc
    89:  * p18 model card
    90:  .MODEL NMOS NMOS  								
    91:  + VERSION	=	3.1						
    92:  + LEVEL	=	49	NOIMOD	=	1	TNOM	=	2.70E+01
    93:  + TOX	=	'4.1E-9/proc_delta'	XJ	=	1.00E-07	NCH	=	2.33E+17
    94:  + VTH0	=	'0.36+vt_shift'	K1	=	5.84E-01	K2	=	4.14E-03
    95:  + K3	=	1.01E-03	K3B	=	2.20E+00	W0	=	1.00E-07
    96:  + NLX	=	1.81E-07	DVT0W	=	0.00E+00	DVT1W	=	0.00E+00
    97:  + DVT2W	=	0.00E+00	DVT0	=	1.73E+00	DVT1	=	4.38E-01
    98:  + DVT2	=	-3.70E-04	U0	=	'260*proc_delta*proc_delta'	UA	=	-1.38E-09
    99:  + UB	=	2.26E-18	UC	=	5.46E-11	VSAT	=	1.03E+05
   100:  + A0	=	1.92E+00	AGS	=	4.20E-01	B0	=	-1.52E-09
   101:  + B1	=	-9.92E-08	KETA	=	-7.16E-03	A1	=	6.61E-04
   102:  + A2	=	8.89E-01	RDSW	=	1.12E+02	PRWG	=	4.92E-01
   103:  + PRWB	=	-2.02E-01	WR	=	1.00E+00	WINT	=	7.12E-09
   104:  + LINT	=	1.12E-08	XL	=	-2.00E-08	XW	=	-1.00E-08
   105:  + DWG	=	-3.82E-09	DWB	=	8.63E-09	VOFF	=	-8.82E-02
   106:  + NFACTOR	=	2.30E+00	CIT	=	0.00E+00	CDSC	=	2.40E-04
   107:  + CDSCD	=	0.00E+00	CDSCB	=	0.00E+00	ETA0	=	3.13E-03
   108:  + ETAB	=	1.00E+00	DSUB	=	2.25E-02	PCLM	=	7.20E-01
   109:  + PDIBLC1	=	2.15E-01	PDIBLC2	=	2.23E-03	PDIBLCB	=	1.00E-01
   110:  + DROUT	=	8.01E-01	PSCBE1	=	5.44E+08	PSCBE2	=	1.00E-03
   111:  + PVAG	=	1.00E-12	DELTA	=	1.00E-02	RSH	=	6.78E+00
   112:  + MOBMOD	=	1.00E+00	PRT	=	0.00E+00	UTE	=	-1.50E+00
   113:  + KT1	=	-1.10E-01	KT1L	=	0.00E+00	KT2	=	2.19E-02
   114:  + UA1	=	4.28E-09	UB1	=	-7.62E-18	UC1	=	-5.57E-11
   115:  + AT	=	3.30E+04	WL	=	0.00E+00	WLN	=	1.00E+00
   116:  + WW	=	0.00E+00	WWN	=	1.00E+00	WWL	=	0.00E+00
   117:  + LL	=	0.00E+00	LLN	=	1.00E+00	LW	=	0.00E+00
   118:  + LWN	=	1.00E+00	LWL	=	0.00E+00	CAPMOD	=	2.00E+00
   119:  + XPART	=	5.00E-01	CGDO	=	6.98E-10	CGSO	=	7.03E-10
   120:  + CGBO	=	1.00E-12	CJ	=	'9.8e-4/proc_delta'	PB	=	7.34E-01
   121:  + MJ	=	3.63E-01	CJSW	=	'2.4e-10/proc_delta'	PBSW	=	4.71E-01
   122:  + MJSW	=	1.00E-01	CJSWG	=	3.29E-10	PBSWG	=	4.66E-01
   123:  + MJSWG	=	1.00E-01	CF	=	0.00E+00	PVTH0	=	-7.16E-04
   124:  + PRDSW	=	-6.66E-01	PK2	=	5.92E-04	WKETA	=	2.14E-04
   125:  + LKETA	=	-1.51E-02	PU0	=	3.36E+00	PUA	=	-1.31E-11
   126:  + PUB	=	0.00E+00	PVSAT	=	1.25E+03	PETA0	=	1.00E-04
   127:  + PKETA	=	6.45E-04	KF	=	4.46E-29			
   128:  								
   129:  .MODEL PMOS PMOS  								
   130:  + VERSION	=	3.1						
   131:  + LEVEL	=	49	NOIMOD	=	1			
   132:  + TNOM	=	2.70E+01	TOX	=	'4.1E-9/proc_delta'	XJ	=	1.00E-07
   133:  + NCH	=	4.12E+17	VTH0	=	'-0.39-vt_shift'	K1	=	5.50E-01
   134:  + K2	=	3.50E-02	K3	=	0.00E+00	K3B	=	1.20E+01
   135:  + W0	=	1.00E-06	NLX	=	1.25E-07	DVT0W	=	0.00E+00
   136:  + DVT1W	=	0.00E+00	DVT2W	=	0.00E+00	DVT0	=	5.53E-01
   137:  + DVT1	=	2.46E-01	DVT2	=	1.00E-01	U0	=	'110*proc_delta*proc_delta'
   138:  + UA	=	1.44E-09	UB	=	2.29E-21	UC	=	-1.00E-10
   139:  + VSAT	=	1.95E+05	A0	=	1.72E+00	AGS	=	3.80E-01
   140:  + B0	=	5.87E-07	B1	=	1.44E-06	KETA	=	2.21E-02
   141:  + A1	=	4.66E-01	A2	=	3.00E-01	RDSW	=	3.11E+02
   142:  + PRWG	=	5.00E-01	PRWB	=	1.64E-02	WR	=	1.00E+00
   143:  + WINT	=	0.00E+00	LINT	=	2.00E-08	XL	=	-2.00E-08
   144:  + XW	=	-1.00E-08	DWG	=	-3.49E-08	DWB	=	1.22E-09
   145:  + VOFF	=	-9.80E-02	NFACTOR	=	2.00E+00	CIT	=	0.00E+00
   146:  + CDSC	=	2.40E-04	CDSCD	=	0.00E+00	CDSCB	=	0.00E+00
   147:  + ETA0	=	1.12E-03	ETAB	=	-4.79E-04	DSUB	=	1.60E-03
   148:  + PCLM	=	1.50E+00	PDIBLC1	=	3.00E-02	PDIBLC2	=	-1.01E-05
   149:  + PDIBLCB	=	1.00E-01	DROUT	=	1.56E-03	PSCBE1	=	4.91E+09
   150:  + PSCBE2	=	1.64E-09	PVAG	=	3.48E+00	DELTA	=	1.00E-02
   151:  + RSH	=	7.69E+00	MOBMOD	=	1.00E+00	PRT	=	0.00E+00
   152:  + UTE	=	-1.49E+00	KT1	=	-1.09E-01	KT1L	=	0.00E+00
   153:  + KT2	=	2.18E-02	UA1	=	4.27E-09	UB1	=	-7.68E-18
   154:  + UC1	=	-5.57E-11	AT	=	3.31E+04	WL	=	0.00E+00
   155:  + WLN	=	1.00E+00	WW	=	0.00E+00	WWN	=	1.00E+00
   156:  + WWL	=	0.00E+00	LL	=	0.00E+00	LLN	=	1.00E+00
   157:  + LW	=	0.00E+00	LWN	=	1.00E+00	LWL	=	0.00E+00
   158:  + CAPMOD	=	2.00E+00	XPART	=	5.00E-01	CGDO	=	6.88E-10
   159:  + CGSO	=	6.85E-10	CGBO	=	1.00E-12	CJ	=	'1.2e-3/proc_delta'
   160:  + PB	=	8.70E-01	MJ	=	4.20E-01	CJSW	=	'2.4e-10/proc_delta'
   161:  + PBSW	=	8.00E-01	MJSW	=	3.57E-01	CJSWG	=	4.24E-10
   162:  + PBSWG	=	8.00E-01	MJSWG	=	3.56E-01	CF	=	0.00E+00
   163:  + PVTH0	=	3.53E-03	PRDSW	=	1.02E+01	PK2	=	3.35E-03
   164:  + WKETA	=	3.52E-02	LKETA	=	-2.06E-03	PU0	=	-2.19E+00
   165:  + PUA	=	-7.63E-11	PUB	=	9.91E-22	PVSAT	=	5.00E+01
   166:  + PKETA	=	-6.41E-03	KF	=	1.29E-29	PETA0	=	7.31E-05
   167:  
   168:  *end of: p18_model_card.inc
   169:  *include PhotoDiode.inc
   170:  *PhotoDiode
   171:  
   172:  .subckt PhotoDiode  VDD N1_R1C1 
   173:  I1_R1C1  VDD   N1_R1C1   DC  Ipd_1
   174:  d1 N1_R1C1 vdd dwell 1
   175:  .model dwell d cj0=1e-14 is=1e-12 m=0.5 bv=40
   176:  Cd1 N1_R1C1 VDD 30f
   177:  .ends 
   178:  *end of: PhotoDiode.inc
   179:  
   180:  *DECLARE VOLTAGE SOURCES
   181:  VDD Vdd Vss 1.8	
   182:  VM1 M1  Vss 0.5	 
   183:  VM2 M2  Vss 0.5
   184:  VM4 M4  Vss 0.5
   185:  
   186:  *CAPACITOR
   187:  CS N2 VSS 3pf 
   188:  
   189:  * DECLARE MOSFETS
   190:  *<name> <drain> <gate> <source> <bulk> <type> <L>  <W>
   191:  MN1 N1 M1 N2  Vss NMOS L=0.36u W=1080u    		! Declare M1
   192:  MN2 N2 M2 Vss Vss NMOS L=0.36u W=1080u       	! Declare M2
   193:  MP3 Vss N2 N3 Vdd PMOS L=0.36u W=1080u       	! Declase M3
   194:  MP4 N3 M4 OUT Vdd PMOS L=0.36u W=1080u      	! Declase M4
   195:  
   196:  
   197:  
   198:  .op

***************************  Model Parameters  ****************************


***************  Device Parameters (Only for .op analysis)  ***************

Device mp4:
	Vgs     (gate-source voltage)        [V] : -0.187483
	Vgd     (gate-drain voltage)         [V] : 0.172963
	Vds     (drain-source voltage)       [V] : -0.360446
	Vbs     (bulk-source voltage)        [V] : 1.11252
	Vbd     (bulk-drain voltage)         [V] : 1.47296
	Id      (drain current)              [A] : -3.44742e-12
	Is      (source current)             [A] : 3.08697e-12
	Ibd     (bulk-drain current)         [A] : -1.47296e-12
	Ibs     (bulk-source current)        [A] : -1.11252e-12
	Vt      (threshold voltage)          [V] : -0.850069
	Vgt     (gate overdrive voltage)     [V] : 0.662587
	Vgsteff (effective vgt)              [V] : -5.21847e-10
	Gm      (transconductance)           [S] : 5.7046e-11
	Gmb     (bulk bias transconductance) [S] : 1.51777e-11
	Ueff    (mobility)             [cm^2/Vs] : 61.6056
	Gds     (channel conductance)        [S] : 8.02291e-13
	Rds     (output resistance)        [Ohm] : 1.24643e+12
	Vdsat   (drain saturation voltage)   [V] : -0.0415455
	IC      (inversion coefficient)       [] : 1.30221e-08
	Cgs     (gate-source capacitance)    [F] : 7.5914e-13
	Csg     (source-gate capacitance)    [F] : 7.398e-13
	Cgd     (gate-drain capacitance)     [F] : 7.40601e-13
	Cdg     (drain-gate capacitance)     [F] : 7.4304e-13
	Cds     (drain-source capacitance)   [F] : 5.71174e-21
	Cgg     (gate-gate capacitance)      [F] : 5.20795e-13
	Cdd     (drain-drain capacitance)    [F] : 5.20795e-13
	Cgb     (gate-bulk capacitance)      [F] : 5.20795e-13
	Cbs     (bulk-source capacitance)    [F] : 3.35767e-13
	Cbd     (bulk-drain capacitance)     [F] : 3.1575e-13

Device mp3:
	Vgs     (gate-source voltage)        [V] : -0.327007
	Vgd     (gate-drain voltage)         [V] : -5.91651e-11
	Vds     (drain-source voltage)       [V] : -0.327007
	Vbs     (bulk-source voltage)        [V] : 1.47299
	Vbd     (bulk-drain voltage)         [V] : 1.8
	Id      (drain current)              [A] : -9.74861e-12
	Is      (source current)             [A] : 9.4216e-12
	Ibd     (bulk-drain current)         [A] : -1.81e-12
	Ibs     (bulk-source current)        [A] : -1.48299e-12
	Vt      (threshold voltage)          [V] : -0.929856
	Vgt     (gate overdrive voltage)     [V] : 0.602849
	Vgsteff (effective vgt)              [V] : -2.19603e-09
	Gm      (transconductance)           [S] : 2.33886e-10
	Gmb     (bulk bias transconductance) [S] : 5.66476e-11
	Ueff    (mobility)             [cm^2/Vs] : 58.9373
	Gds     (channel conductance)        [S] : 3.3202e-12
	Rds     (output resistance)        [Ohm] : 3.01187e+11
	Vdsat   (drain saturation voltage)   [V] : -0.0420088
	IC      (inversion coefficient)       [] : 3.92532e-08
	Cgs     (gate-source capacitance)    [F] : 7.58128e-13
	Csg     (source-gate capacitance)    [F] : 7.398e-13
	Cgd     (gate-drain capacitance)     [F] : 7.40604e-13
	Cdg     (drain-gate capacitance)     [F] : 7.4304e-13
	Cds     (drain-source capacitance)   [F] : 2.22926e-20
	Cgg     (gate-gate capacitance)      [F] : 4.69437e-13
	Cdd     (drain-drain capacitance)    [F] : 4.69437e-13
	Cgb     (gate-bulk capacitance)      [F] : 4.69437e-13
	Cbs     (bulk-source capacitance)    [F] : 0
	Cbd     (bulk-drain capacitance)     [F] : 0

Device mn2:
	Vgs     (gate-source voltage)        [V] : 0.5
	Vgd     (gate-drain voltage)         [V] : 0.5
	Vds     (drain-source voltage)       [V] : 5.44925e-11
	Vbs     (bulk-source voltage)        [V] : -2.36627e-12
	Vbd     (bulk-drain voltage)         [V] : -5.68588e-11
	Id      (drain current)              [A] : 2.03136e-13
	Is      (source current)             [A] : -2.03136e-13
	Ibd     (bulk-drain current)         [A] : -5.68588e-23
	Ibs     (bulk-source current)        [A] : -2.36627e-24
	Vt      (threshold voltage)          [V] : 0.562806
	Vgt     (gate overdrive voltage)     [V] : -0.0628057
	Vgsteff (effective vgt)              [V] : 0.00614715
	Gm      (transconductance)           [S] : 4.49537e-12
	Gmb     (bulk bias transconductance) [S] : 1.30764e-12
	Ueff    (mobility)             [cm^2/Vs] : 295.719
	Gds     (channel conductance)        [S] : 0.00372779
	Rds     (output resistance)        [Ohm] : 268.256
	Vdsat   (drain saturation voltage)   [V] : 0.0403945
	IC      (inversion coefficient)       [] : 1.49118e-10
	Cgs     (gate-source capacitance)    [F] : 1.01444e-12
	Csg     (source-gate capacitance)    [F] : 7.5923e-13
	Cgd     (gate-drain capacitance)     [F] : 9.36599e-13
	Cdg     (drain-gate capacitance)     [F] : 9.80498e-13
	Cds     (drain-source capacitance)   [F] : 1.01213e-13
	Cgg     (gate-gate capacitance)      [F] : 1.07496e-12
	Cdd     (drain-drain capacitance)    [F] : 1.07496e-12
	Cgb     (gate-bulk capacitance)      [F] : 6.21628e-13
	Cbs     (bulk-source capacitance)    [F] : 3.55315e-13
	Cbd     (bulk-drain capacitance)     [F] : 3.55315e-13

Device mn1:
	Vgs     (gate-source voltage)        [V] : 0.5
	Vgd     (gate-drain voltage)         [V] : 0.5
	Vds     (drain-source voltage)       [V] : -1.81076e-11
	Vbs     (bulk-source voltage)        [V] : -5.6756e-11
	Vbd     (bulk-drain voltage)         [V] : -3.86484e-11
	Id      (drain current)              [A] : -6.75012e-14
	Is      (source current)             [A] : 6.75012e-14
	Ibd     (bulk-drain current)         [A] : -5.35912e-23
	Ibs     (bulk-source current)        [A] : -7.86998e-23
	Vt      (threshold voltage)          [V] : 0.562806
	Vgt     (gate overdrive voltage)     [V] : -0.0628057
	Vgsteff (effective vgt)              [V] : 0.00614715
	Gm      (transconductance)           [S] : 1.49379e-12
	Gmb     (bulk bias transconductance) [S] : 4.34523e-13
	Ueff    (mobility)             [cm^2/Vs] : 295.719
	Gds     (channel conductance)        [S] : 0.00372779
	Rds     (output resistance)        [Ohm] : 268.256
	Vdsat   (drain saturation voltage)   [V] : 0.0403945
	IC      (inversion coefficient)       [] : -4.95512e-11
	Cgs     (gate-source capacitance)    [F] : 1.01444e-12
	Csg     (source-gate capacitance)    [F] : 7.5923e-13
	Cgd     (gate-drain capacitance)     [F] : 9.366e-13
	Cdg     (drain-gate capacitance)     [F] : 9.80498e-13
	Cds     (drain-source capacitance)   [F] : 1.01213e-13
	Cgg     (gate-gate capacitance)      [F] : 1.07496e-12
	Cdd     (drain-drain capacitance)    [F] : 1.07496e-12
	Cgb     (gate-bulk capacitance)      [F] : 6.21628e-13
	Cbs     (bulk-source capacitance)    [F] : 0
	Cbd     (bulk-drain capacitance)     [F] : 0



**************  Options (Only those different from default)  **************



*************************  Simulation Statistics  *************************

	Total number of iterations...........: 36
	Total analysis time (sec)............: 0
	Time spent in device loading (sec)...: 0
	Time spent in L-U decomposition (sec): 0
	Time spent in matrix reordering (sec): 0
	Time spent in matrix solving (sec)...: 0

***************************  Kernel Messages  *****************************

Circuit: Digital Camera - Analog Pixel Circuit 

Warning: premature EOF
Warning: parameter xl not supported; value ignored
Warning: parameter xw not supported; value ignored
Warning: parameter xl not supported; value ignored
Warning: parameter xw not supported; value ignored
Warning: Pd = 0 is less than W for mp4 in model pmos.
Warning: Ps = 0 is less than W for mp4 in model pmos.
Warning: Pd = 0 is less than W for mn2 in model nmos.
Warning: Ps = 0 is less than W for mn2 in model nmos.
Warning: Node n1 has less than two connections
Warning: Node out has less than two connections
Warning: Node vdd has no DC path to ground
Warning: Node vss has no DC path to ground
Warning: Node m1 has no DC path to ground
Warning: Node m2 has no DC path to ground
Warning: Node m4 has no DC path to ground
Warning: Node n2 has no DC path to ground
Warning: Node n1 has no DC path to ground
Warning: Node n3 has no DC path to ground
Warning: Node out has no DC path to ground
Warning: Node mp4#drain has no DC path to ground
Warning: Node mp4#source has no DC path to ground
Warning: Node mp3#drain has no DC path to ground
Warning: Node mp3#source has no DC path to ground
Warning: Node mn2#drain has no DC path to ground
Warning: Node mn2#source has no DC path to ground
Warning: Node mn1#drain has no DC path to ground
Warning: Node mn1#source has no DC path to ground

